2025-07-02 14:40:31,285 - INFO - Dataset chargé: 1600000 échantillons
2025-07-02 14:40:31,323 - INFO - Distribution des sentiments:
2025-07-02 14:40:31,389 - INFO - sentiment
negative    800000
positive    800000
Name: count, dtype: int64
2025-07-02 14:40:31,393 - WARNING - Module preprocessing non trouvé, utilisation du texte brut
2025-07-02 14:40:32,582 - INFO - Dataset après nettoyage: 1600000 échantillons
2025-07-02 14:40:35,087 - INFO - Train: 1024000, Val: 256000, Test: 320000
2025-07-02 14:41:37,459 - INFO - Forme des données vectorisées: (1024000, 15000)
2025-07-02 14:41:37,459 - INFO - 
--- Entraînement de LogisticRegression ---
2025-07-02 14:43:44,392 - INFO - Meilleurs paramètres: {'C': 1, 'solver': 'liblinear'}
2025-07-02 14:43:44,408 - INFO - Accuracy: 0.7789
2025-07-02 14:43:44,408 - INFO - F1-Score: 0.7787
2025-07-02 14:43:44,408 - INFO - 
--- Entraînement de MultinomialNB ---
2025-07-02 14:44:21,766 - INFO - Meilleurs paramètres: {'alpha': 2.0}
2025-07-02 14:44:21,766 - INFO - Accuracy: 0.7611
2025-07-02 14:44:21,766 - INFO - F1-Score: 0.7611
2025-07-02 14:44:21,766 - INFO - 
--- Entraînement de LinearSVC ---
2025-07-02 14:52:38,730 - INFO - Meilleurs paramètres: {'C': 0.1, 'loss': 'squared_hinge'}
2025-07-02 14:52:38,730 - INFO - Accuracy: 0.7781
2025-07-02 14:52:38,730 - INFO - F1-Score: 0.7779
2025-07-02 14:52:38,730 - INFO - 
--- Entraînement de RandomForest ---
2025-07-02 15:34:25,163 - INFO - Dataset chargé: 1600000 échantillons
2025-07-02 15:34:25,204 - INFO - Distribution des sentiments:
2025-07-02 15:34:25,271 - INFO - sentiment
negative    800000
positive    800000
Name: count, dtype: int64
2025-07-02 15:34:25,271 - WARNING - Module preprocessing non trouvé, utilisation du texte brut
2025-07-02 15:34:26,497 - INFO - Dataset après nettoyage: 1600000 échantillons
2025-07-02 15:34:28,974 - INFO - Train: 1024000, Val: 256000, Test: 320000
2025-07-02 15:35:24,695 - INFO - Forme des données vectorisées: (1024000, 15000)
2025-07-02 15:35:24,695 - INFO - Dataset volumineux détecté, utilisation de l'apprentissage incrémental...
2025-07-02 15:35:24,703 - INFO - 
--- Entraînement incrémental de SGDClassifier ---
2025-07-02 15:35:24,778 - INFO - Traité 10000/1024000 échantillons
2025-07-02 15:35:24,813 - INFO - Traité 60000/1024000 échantillons
2025-07-02 15:35:24,835 - INFO - Traité 110000/1024000 échantillons
2025-07-02 15:35:24,854 - INFO - Traité 160000/1024000 échantillons
2025-07-02 15:35:24,881 - INFO - Traité 210000/1024000 échantillons
2025-07-02 15:35:24,898 - INFO - Traité 260000/1024000 échantillons
2025-07-02 15:35:24,921 - INFO - Traité 310000/1024000 échantillons
2025-07-02 15:35:24,931 - INFO - Traité 360000/1024000 échantillons
2025-07-02 15:35:24,962 - INFO - Traité 410000/1024000 échantillons
2025-07-02 15:35:24,981 - INFO - Traité 460000/1024000 échantillons
2025-07-02 15:35:24,999 - INFO - Traité 510000/1024000 échantillons
2025-07-02 15:35:25,025 - INFO - Traité 560000/1024000 échantillons
2025-07-02 15:35:25,047 - INFO - Traité 610000/1024000 échantillons
2025-07-02 15:35:25,069 - INFO - Traité 660000/1024000 échantillons
2025-07-02 15:35:25,086 - INFO - Traité 710000/1024000 échantillons
2025-07-02 15:35:25,111 - INFO - Traité 760000/1024000 échantillons
2025-07-02 15:35:25,133 - INFO - Traité 810000/1024000 échantillons
2025-07-02 15:35:25,153 - INFO - Traité 860000/1024000 échantillons
2025-07-02 15:35:25,171 - INFO - Traité 910000/1024000 échantillons
2025-07-02 15:35:25,197 - INFO - Traité 960000/1024000 échantillons
2025-07-02 15:35:25,220 - INFO - Traité 1010000/1024000 échantillons
2025-07-02 15:35:26,918 - INFO - Accuracy: 0.7615
2025-07-02 15:35:26,918 - INFO - F1-Score: 0.7611
2025-07-02 15:35:26,918 - INFO - Temps d'entraînement: 2.21s
2025-07-02 15:35:26,918 - INFO - 
--- Entraînement incrémental de PassiveAggressive ---
2025-07-02 15:35:26,991 - INFO - Traité 10000/1024000 échantillons
2025-07-02 15:35:27,015 - INFO - Traité 60000/1024000 échantillons
2025-07-02 15:35:27,033 - INFO - Traité 110000/1024000 échantillons
2025-07-02 15:35:27,063 - INFO - Traité 160000/1024000 échantillons
2025-07-02 15:35:27,083 - INFO - Traité 210000/1024000 échantillons
2025-07-02 15:35:27,108 - INFO - Traité 260000/1024000 échantillons
2025-07-02 15:35:27,127 - INFO - Traité 310000/1024000 échantillons
2025-07-02 15:35:27,149 - INFO - Traité 360000/1024000 échantillons
2025-07-02 15:35:27,177 - INFO - Traité 410000/1024000 échantillons
2025-07-02 15:35:27,199 - INFO - Traité 460000/1024000 échantillons
2025-07-02 15:35:27,227 - INFO - Traité 510000/1024000 échantillons
2025-07-02 15:35:27,249 - INFO - Traité 560000/1024000 échantillons
2025-07-02 15:35:27,275 - INFO - Traité 610000/1024000 échantillons
2025-07-02 15:35:27,300 - INFO - Traité 660000/1024000 échantillons
2025-07-02 15:35:27,316 - INFO - Traité 710000/1024000 échantillons
2025-07-02 15:35:27,350 - INFO - Traité 760000/1024000 échantillons
2025-07-02 15:35:27,366 - INFO - Traité 810000/1024000 échantillons
2025-07-02 15:35:27,398 - INFO - Traité 860000/1024000 échantillons
2025-07-02 15:35:27,416 - INFO - Traité 910000/1024000 échantillons
2025-07-02 15:35:27,445 - INFO - Traité 960000/1024000 échantillons
2025-07-02 15:35:27,467 - INFO - Traité 1010000/1024000 échantillons
2025-07-02 15:35:29,310 - INFO - Accuracy: 0.7405
2025-07-02 15:35:29,312 - INFO - F1-Score: 0.7404
2025-07-02 15:35:29,312 - INFO - Temps d'entraînement: 2.39s
2025-07-02 15:35:29,312 - INFO - 
--- Entraînement incrémental de MultinomialNB_Incremental ---
2025-07-02 15:35:29,335 - INFO - Traité 10000/1024000 échantillons
2025-07-02 15:35:29,385 - INFO - Traité 60000/1024000 échantillons
2025-07-02 15:35:29,433 - INFO - Traité 110000/1024000 échantillons
2025-07-02 15:35:29,501 - INFO - Traité 160000/1024000 échantillons
2025-07-02 15:35:29,550 - INFO - Traité 210000/1024000 échantillons
2025-07-02 15:35:29,612 - INFO - Traité 260000/1024000 échantillons
2025-07-02 15:35:29,679 - INFO - Traité 310000/1024000 échantillons
2025-07-02 15:35:29,735 - INFO - Traité 360000/1024000 échantillons
2025-07-02 15:35:29,801 - INFO - Traité 410000/1024000 échantillons
2025-07-02 15:35:29,868 - INFO - Traité 460000/1024000 échantillons
2025-07-02 15:35:29,941 - INFO - Traité 510000/1024000 échantillons
2025-07-02 15:35:29,991 - INFO - Traité 560000/1024000 échantillons
2025-07-02 15:35:30,033 - INFO - Traité 610000/1024000 échantillons
2025-07-02 15:35:30,093 - INFO - Traité 660000/1024000 échantillons
2025-07-02 15:35:30,138 - INFO - Traité 710000/1024000 échantillons
2025-07-02 15:35:30,191 - INFO - Traité 760000/1024000 échantillons
2025-07-02 15:35:30,250 - INFO - Traité 810000/1024000 échantillons
2025-07-02 15:35:30,357 - INFO - Traité 860000/1024000 échantillons
2025-07-02 15:35:30,433 - INFO - Traité 910000/1024000 échantillons
2025-07-02 15:35:30,487 - INFO - Traité 960000/1024000 échantillons
2025-07-02 15:35:30,547 - INFO - Traité 1010000/1024000 échantillons
2025-07-02 15:35:32,237 - INFO - Accuracy: 0.7611
2025-07-02 15:35:32,237 - INFO - F1-Score: 0.7610
2025-07-02 15:35:32,237 - INFO - Temps d'entraînement: 2.93s
2025-07-02 15:35:34,355 - INFO - Accuracy finale: 0.7616
2025-07-02 15:35:34,355 - INFO - F1-Score final: 0.7611
2025-07-02 15:35:51,959 - INFO - Meilleur modèle: SGDClassifier
2025-07-02 15:35:51,960 - INFO - Performance finale: Accuracy=0.7616, F1=0.7611
2025-07-02 15:39:18,565 - WARNING - Module preprocessing non trouvé, utilisation du texte brut
2025-07-02 15:46:59,952 - INFO - Dataset chargé: 1600000 échantillons
2025-07-02 15:46:59,984 - INFO - Distribution des sentiments:
2025-07-02 15:47:00,111 - INFO - sentiment
negative    800000
positive    800000
Name: count, dtype: int64
2025-07-02 15:47:00,122 - WARNING - Module preprocessing non trouvé, utilisation du texte brut
2025-07-02 15:47:01,374 - INFO - Dataset après nettoyage: 1600000 échantillons
2025-07-02 15:47:04,784 - INFO - Train: 1024000, Val: 256000, Test: 320000
2025-07-02 15:48:06,194 - INFO - Forme des données vectorisées: (1024000, 15000)
2025-07-02 15:48:06,194 - INFO - Dataset volumineux détecté, utilisation de l'apprentissage incrémental...
2025-07-02 15:48:06,194 - INFO - 
--- Entraînement incrémental de SGDClassifier ---
2025-07-02 15:48:06,259 - INFO - Traité 10000/1024000 échantillons
2025-07-02 15:48:06,293 - INFO - Traité 60000/1024000 échantillons
2025-07-02 15:48:06,315 - INFO - Traité 110000/1024000 échantillons
2025-07-02 15:48:06,333 - INFO - Traité 160000/1024000 échantillons
2025-07-02 15:48:06,356 - INFO - Traité 210000/1024000 échantillons
2025-07-02 15:48:06,373 - INFO - Traité 260000/1024000 échantillons
2025-07-02 15:48:06,396 - INFO - Traité 310000/1024000 échantillons
2025-07-02 15:48:06,413 - INFO - Traité 360000/1024000 échantillons
2025-07-02 15:48:06,433 - INFO - Traité 410000/1024000 échantillons
2025-07-02 15:48:06,452 - INFO - Traité 460000/1024000 échantillons
2025-07-02 15:48:06,469 - INFO - Traité 510000/1024000 échantillons
2025-07-02 15:48:06,493 - INFO - Traité 560000/1024000 échantillons
2025-07-02 15:48:06,507 - INFO - Traité 610000/1024000 échantillons
2025-07-02 15:48:06,533 - INFO - Traité 660000/1024000 échantillons
2025-07-02 15:48:06,549 - INFO - Traité 710000/1024000 échantillons
2025-07-02 15:48:06,571 - INFO - Traité 760000/1024000 échantillons
2025-07-02 15:48:06,590 - INFO - Traité 810000/1024000 échantillons
2025-07-02 15:48:06,608 - INFO - Traité 860000/1024000 échantillons
2025-07-02 15:48:06,629 - INFO - Traité 910000/1024000 échantillons
2025-07-02 15:48:06,642 - INFO - Traité 960000/1024000 échantillons
2025-07-02 15:48:06,669 - INFO - Traité 1010000/1024000 échantillons
2025-07-02 15:48:08,298 - INFO - Accuracy: 0.7615
2025-07-02 15:48:08,298 - INFO - F1-Score: 0.7611
2025-07-02 15:48:08,298 - INFO - Temps d'entraînement: 2.10s
2025-07-02 15:48:08,298 - INFO - 
--- Entraînement incrémental de PassiveAggressive ---
2025-07-02 15:48:08,364 - INFO - Traité 10000/1024000 échantillons
2025-07-02 15:48:08,398 - INFO - Traité 60000/1024000 échantillons
2025-07-02 15:48:08,474 - INFO - Traité 110000/1024000 échantillons
2025-07-02 15:48:08,507 - INFO - Traité 160000/1024000 échantillons
2025-07-02 15:48:08,530 - INFO - Traité 210000/1024000 échantillons
2025-07-02 15:48:08,551 - INFO - Traité 260000/1024000 échantillons
2025-07-02 15:48:08,576 - INFO - Traité 310000/1024000 échantillons
2025-07-02 15:48:08,601 - INFO - Traité 360000/1024000 échantillons
2025-07-02 15:48:08,622 - INFO - Traité 410000/1024000 échantillons
2025-07-02 15:48:08,642 - INFO - Traité 460000/1024000 échantillons
2025-07-02 15:48:08,663 - INFO - Traité 510000/1024000 échantillons
2025-07-02 15:48:08,689 - INFO - Traité 560000/1024000 échantillons
2025-07-02 15:48:08,716 - INFO - Traité 610000/1024000 échantillons
2025-07-02 15:48:08,736 - INFO - Traité 660000/1024000 échantillons
2025-07-02 15:48:08,755 - INFO - Traité 710000/1024000 échantillons
2025-07-02 15:48:08,780 - INFO - Traité 760000/1024000 échantillons
2025-07-02 15:48:08,804 - INFO - Traité 810000/1024000 échantillons
2025-07-02 15:48:08,830 - INFO - Traité 860000/1024000 échantillons
2025-07-02 15:48:08,848 - INFO - Traité 910000/1024000 échantillons
2025-07-02 15:48:08,871 - INFO - Traité 960000/1024000 échantillons
2025-07-02 15:48:08,902 - INFO - Traité 1010000/1024000 échantillons
2025-07-02 15:48:10,667 - INFO - Accuracy: 0.7405
2025-07-02 15:48:10,667 - INFO - F1-Score: 0.7404
2025-07-02 15:48:10,667 - INFO - Temps d'entraînement: 2.37s
2025-07-02 15:48:10,667 - INFO - 
--- Entraînement incrémental de MultinomialNB_Incremental ---
2025-07-02 15:48:10,695 - INFO - Traité 10000/1024000 échantillons
2025-07-02 15:48:10,752 - INFO - Traité 60000/1024000 échantillons
2025-07-02 15:48:10,813 - INFO - Traité 110000/1024000 échantillons
2025-07-02 15:48:10,883 - INFO - Traité 160000/1024000 échantillons
2025-07-02 15:48:10,946 - INFO - Traité 210000/1024000 échantillons
2025-07-02 15:48:11,004 - INFO - Traité 260000/1024000 échantillons
2025-07-02 15:48:11,059 - INFO - Traité 310000/1024000 échantillons
2025-07-02 15:48:11,108 - INFO - Traité 360000/1024000 échantillons
2025-07-02 15:48:11,159 - INFO - Traité 410000/1024000 échantillons
2025-07-02 15:48:11,216 - INFO - Traité 460000/1024000 échantillons
2025-07-02 15:48:11,263 - INFO - Traité 510000/1024000 échantillons
2025-07-02 15:48:11,323 - INFO - Traité 560000/1024000 échantillons
2025-07-02 15:48:11,384 - INFO - Traité 610000/1024000 échantillons
2025-07-02 15:48:11,453 - INFO - Traité 660000/1024000 échantillons
2025-07-02 15:48:11,509 - INFO - Traité 710000/1024000 échantillons
2025-07-02 15:48:11,576 - INFO - Traité 760000/1024000 échantillons
2025-07-02 15:48:11,642 - INFO - Traité 810000/1024000 échantillons
2025-07-02 15:48:11,707 - INFO - Traité 860000/1024000 échantillons
2025-07-02 15:48:11,762 - INFO - Traité 910000/1024000 échantillons
2025-07-02 15:48:11,802 - INFO - Traité 960000/1024000 échantillons
2025-07-02 15:48:11,860 - INFO - Traité 1010000/1024000 échantillons
2025-07-02 15:48:13,646 - INFO - Accuracy: 0.7611
2025-07-02 15:48:13,646 - INFO - F1-Score: 0.7610
2025-07-02 15:48:13,651 - INFO - Temps d'entraînement: 2.98s
2025-07-02 15:48:15,897 - INFO - Accuracy finale: 0.7616
2025-07-02 15:48:15,897 - INFO - F1-Score final: 0.7611
2025-07-02 15:49:08,026 - INFO - Meilleur modèle: SGDClassifier
2025-07-02 15:49:08,026 - INFO - Performance finale: Accuracy=0.7616, F1=0.7611
